<?xml version="1.0" encoding="UTF-8"?>
<!-- Generated by org.testng.reporters.JUnitReportReporter -->
<testsuite hostname="Debian" failures="0" tests="1" name="com.Framework.testsuite.TC_002" time="3.673" errors="0" timestamp="19 Sep 2021 13:14:39 GMT" skipped="0">
  <testcase classname="com.Framework.testsuite.TC_002" name="actionMethods" time="3.673"/>
</testsuite> <!-- com.Framework.testsuite.TC_002 -->
