<?xml version="1.0" encoding="UTF-8"?>
<!-- Generated by org.testng.reporters.JUnitReportReporter -->
<testsuite hostname="Debian" failures="0" tests="1" name="com.Framework.testsuite.TC_001" time="2.572" errors="0" timestamp="19 Sep 2021 13:14:39 GMT" skipped="0">
  <testcase classname="com.Framework.testsuite.TC_001" name="setCap" time="2.572"/>
</testsuite> <!-- com.Framework.testsuite.TC_001 -->
