<?xml version="1.0" encoding="UTF-8"?>
<!-- Generated by org.testng.reporters.JUnitReportReporter -->
<testsuite hostname="Debian" failures="0" tests="1" name="com.Framework.testsuite.TC_2" time="7.503" errors="0" timestamp="27 Jun 2021 17:36:17 GMT" skipped="0">
  <testcase classname="com.Framework.testsuite.TC_2" name="setCap" time="7.503"/>
</testsuite> <!-- com.Framework.testsuite.TC_2 -->
